n/j48.jpg
n/j50.jpg
n/j45.jpg
n/j46.jpg
n/j38.jpg
n/j42.jpg
n/j30.jpg
n/j31.jpg
n/j32.jpg
n/j33.jpg
n/j34.jpg
n/j36.jpg
n/j51.jpg
n/j26.jpg
n/j27.jpg
n/j28.jpg
n/j29.jpg
n/j20.jpg
n/j21.jpg
n/j222.jpg
n/j23.jpg
n/j24.jpg
n/j25.jpg
n/j16.jpg
n/j18.jpg
n/j19.jpg
n/j13.jpg
n/j10.jpg
n/j11.jpg
n/j12.jpg
n/j8.jpg
n/j9.jpg
n/j3.jpg
n/j4.jpg
n/j6.jpg
n/j7.jpg
n/j1.jpg
n/j2.jpg
n/181.jpg
n/182.jpg
n/177.jpg
n/178.jpg
n/180.jpg
n/172.jpg
n/173.jpg
n/174.jpg
n/175.jpg
n/165.jpg
n/166.jpg
n/167.jpg
n/168.jpg
n/169.jpg
n/170.jpg
n/171.jpg
n/158.jpg
n/159.jpg
n/160.jpg
n/161.jpg
n/162.jpg
n/163.jpg
n/164.jpg
n/155.jpg
n/156.jpg
n/157.jpg
n/150.jpg
n/151.jpg
n/152.jpg
n/153.jpg
n/154.jpg
n/146.jpg
n/147.jpg
n/148.jpg
n/149.jpg
n/145.jpg
n/140.jpg
n/141.jpg
n/142.jpg
n/143.jpg
n/144.jpg
n/139.jpg
n/136.jpg
n/137.jpg
n/138.jpg
n/131.jpg
n/132.jpg
n/133.jpg
n/134.jpg
n/135.jpg
n/128.jpg
n/129.jpg
n/130.jpg
n/123.jpg
n/124.jpg
n/125.jpg
n/120.jpg
n/121.jpg
n/108.jpg
n/109.jpg
n/107.jpg
n/105.jpg
n/106.jpg
n/102.jpg
n/183.jpg
n/000096.jpg
n/000093.jpg
n/000094.jpg
n/000095.jpg
n/000088.jpg
n/000089.jpg
n/000090.jpg
n/000091.jpg
n/000092.jpg
n/000086.jpg
n/000087.jpg
n/000081.jpg
n/000082.jpg
n/000083.jpg
n/000084.jpg
n/000085.jpg
n/000078.jpg
n/000079.jpg
n/000080.jpg
n/000072.jpg
n/000073.jpg
n/000074.jpg
n/000075.jpg
n/000076.jpg
n/000077.jpg
n/000071.jpg
n/000065.jpg
n/000066.jpg
n/000067.jpg
n/000068.jpg
n/000069.jpg
n/000070.jpg
n/000061.jpg
n/000062.jpg
n/000063.jpg
n/000064.jpg
n/000058.jpg
n/000059.jpg
n/000060.jpg
n/000046.jpg
n/000047.jpg
n/000048.jpg
n/000049.jpg
n/000050.jpg
n/000051.jpg
n/000052.jpg
n/000053.jpg
n/000054.jpg
n/000055.jpg
n/000056.jpg
n/000057.jpg
n/000044.jpg
n/000045.jpg
n/000039.jpg
n/000040.jpg
n/000041.jpg
n/000042.jpg
n/000043.jpg
n/000033.jpg
n/000034.jpg
n/000035.jpg
n/000036.jpg
n/000037.jpg
n/000038.jpg
n/000028.jpg
n/000029.jpg
n/000030.jpg
n/000031.jpg
n/000032.jpg
n/000026.jpg
n/000027.jpg
n/000020.jpg
n/000021.jpg
n/000022.jpg
n/000023.jpg
n/000024.jpg
n/000025.jpg
n/000016.jpg
n/000017.jpg
n/000018.jpg
n/000019.jpg
n/000009.jpg
n/000010.jpg
n/000011.jpg
n/000012.jpg
n/000013.jpg
n/000014.jpg
n/000015.jpg
n/000008.jpg
n/000005.jpg
n/000006.jpg
n/000007.jpg
n/000001.jpg
n/000002.jpg
n/000003.jpg
n/000004.jpg
n/jet10.jpg
n/jet8.jpg
n/jet9.jpg
n/jet5.jpg
n/jet6.jpg
n/jet3.jpg
n/jet4.jpg
n/jet2.jpg
n/jet1.jpg
n/bird18.jpg
n/bird19.jpg
n/bird20.jpg
n/bird12.jpg
n/bird13.jpg
n/bird14.jpg
n/bird15.jpg
n/bird16.jpg
n/bird17.jpg
n/bird10.jpg
n/bird11.jpg
n/bird6.jpg
n/bird7.jpg
n/bird8.jpg
n/bird9.jpg
n/bird3.jpg
n/bird4.jpg
n/bird5.jpg
n/bird1.jpg
n/bird2.jpg
n/50.jpg
n/49.jpg
n/46.jpg
n/47.jpg
n/48.jpg
n/45.jpg
n/40.jpeg
n/41.jpg
n/42.jpg
n/43.jpg
n/44.jpg
n/37.jpg
n/38.jpg
n/39.jpg
n/35.jpg
n/36.jpg
n/31.jpg
n/32.jpg
n/33.jpg
n/34.jpg
n/30.jpg
n/25.jpg
n/26.jpg
n/27.jpg
n/28.jpg
n/29.jpg
n/21.jpg
n/22.jpg
n/23.jpg
n/24.jpg
n/15.jpg
n/17.jpg
n/18.jpg
n/19.jpg
n/20.jpg
n/11.jpg
n/12.jpg
n/13.jpg
n/10.jpg
n/8.jpg
n/9.jpg
n/6.jpg
n/7.jpg
n/3.jpg
n/4.jpg
n/5.jpg
n/1.jpg
n/person27.jpg
n/person28.jpg
n/person29.jpg
n/person30.jpg
n/person26.jpg
n/person24.jpg
n/person25.jpg
n/person19.jpg
n/person20.jpg
n/person21.jpg
n/person22.jpg
n/person23.jpg
n/person13.jpg
n/person15.jpg
n/person16.jpg
n/person17.jpg
n/person18.jpg
n/person10.jpg
n/person11.jpg
n/person12.jpg
n/person14.jpg
n/person8.jpg
n/person9.jpg
n/person5.jpg
n/person6.jpg
n/person7.jpg
n/person2.jpg
n/person3.jpg
n/person4.jpg
n/person1.jpg
n/q.jpg