p/nissan20.jpg 1 0 0 1280 782
p/nissan16.jpg 1 0 0 2400 1600
p/nissan18.jpg 1 0 0 2100 1386
p/nissan19.jpg 1 0 0 1170 661
p/nissan14.jpg 1 0 0 1600 900
p/nissan12.jpg 1 0 0 2000 1312
p/nissan13.jpg 1 0 0 1920 1200
p/nissan11.jpg 1 0 0 1600 1067
p/nissan8.jpg 1 0 0 3000 2000
p/nissan5.jpg 1 0 0 1280 720
p/nissan6.jpg 1 0 0 1200 900
p/nissan7.jpg 1 0 0 2100 1386
p/acura19.jpg 1 0 0 3500 2378
p/acura20.jpg 1 0 0 1600 1000
p/acura12.jpg 1 0 0 1400 933
p/acura13.jpg 1 0 0 2980 1683
p/acura14.jpg 1 0 0 1920 1080
p/acura16.jpg 1 0 0 3000 2001
p/acura17.jpg 1 0 0 1600 1068
p/acura18.jpg 1 0 0 2048 1152
p/acura10.jpg 1 0 0 2048 1536
p/acura11.jpg 1 0 0 1200 800
p/acura7.jpg 1 0 0 2552 1276
p/acura8.jpg 1 0 0 1600 1200
p/acura9.jpg 1 0 0 1080 1080
p/acura2.jpg 1 0 0 1920 1080
p/acura3.jpg 1 0 0 1600 1067
p/acura5.jpg 1 0 0 1520 918
p/acura1.jpg 1 0 0 1520 920
p/audi1.jpg 1 0 0 4092 2145
p/audi2.jpg 1 0 0 2400 1600
p/HY1.jpg 1 0 0 2400 1600
p/HY2.jpg 1 0 0 1920 1040
p/HY3.jpg 1 0 0 1920 1080
p/HY4.jpg 1 0 0 2400 1600
p/honda16.jpg 1 0 0 1700 1132
p/honda17.jpg 1 0 0 2000 1333
p/honda18.jpg 1 0 0 1600 900
p/honda19.jpg 1 0 0 1500 1000
p/honda15.jpg 1 0 0 1859 1243
p/honda11.jpg 1 0 0 1800 1200
p/honda13.jpg 1 0 0 4096 2304
p/honda14.jpg 1 0 0 1724 1077
p/honda6.jpg 1 0 0 3186 1985
p/honda7.jpg 1 0 0 1920 1080
p/honda8.jpg 1 0 0 1920 1080
p/honda9.jpg 1 0 0 1920 1280
p/honda2.jpg 1 0 0 2559 1591
p/honda3.jpg 1 0 0 1920 1175
p/honda4.jpg 1 0 0 1664 1209
p/honda5.jpg 1 0 0 1700 1132
p/honda1.jpg 1 0 0 4896 3264
p/n.jpg 1 0 0 649 437
p/j.jpg 1 0 0 1024 683
p/k.jpg 1 0 0 1761 1174
p/l.jpg 1 0 0 1139 643
p/m.jpg 1 0 0 1024 587
p/i.jpg 1 0 0 1920 1080
p/g.jpg 1 0 0 1600 1200
p/d.jpg 1 0 0 1147 541
p/e.jpg 1 0 0 1500 938
p/f.jpg 1 0 0 1360 765
p/b.jpg 1 0 0 1439 857
p/c.jpg 1 0 0 4096 2304
p/143.jpg 1 0 0 1400 788
p/144.jpg 1 0 0 1024 680
p/a.jpg 1 0 0 1530 1080
p/140.jpg 1 0 0 1752 1168
p/141.jpg 1 0 0 1600 1066
p/137.jpg 1 0 0 1200 795
p/139.jpg 1 0 0 1280 925
p/135.jpg 1 0 0 3659 2065
p/133.jpg 1 0 0 900 541
p/134.jpg 1 0 0 1600 1069
p/132.jpg 1 0 0 1800 1200
p/130.jpg 1 0 0 1536 864
p/131.jpg 1 0 0 1600 1067
p/124.jpg 1 0 0 2000 1127
p/126.jpg 1 0 0 1200 664
p/127.jpg 1 0 0 2400 1601
p/128.jpg 1 0 0 1280 800
p/121.jpg 1 0 0 1200 754
p/122.jpg 1 0 0 1672 1254
p/123.jpg 1 0 0 2127 1197
p/118.jpg 1 0 0 2560 1187
p/119.jpg 1 0 0 1600 1207
p/120.jpg 1 0 0 2000 1335
p/115.jpg 1 0 0 1620 1080
p/116.jpg 1 0 0 2400 1600
p/114.jpg 1 0 0 1200 800
p/111.jpg 1 0 0 3264 1835
p/109.jpg 1 0 0 2000 1125
p/108.jpg 1 0 0 1600 805
p/106.jpg 1 0 0 872 578
p/107.jpg 1 0 0 1139 643
p/101.jpg 1 0 0 1420 800
p/102.jpg 1 0 0 1920 1040
p/104.jpg 1 0 0 2400 1600
p/105.jpg 1 0 0 1200 800
p/100.jpg 1 0 0 1964 1200
p/97.jpg 1 0 0 2048 1395
p/98.jpg 1 0 0 900 596
p/99.jpg 1 0 0 1920 1080
p/93.jpg 1 0 0 2000 1335
p/94.jpg 1 0 0 1920 1040
p/95.jpg 1 0 0 1700 1132
p/96.jpg 1 0 0 1700 1132
p/91.jpg 1 0 0 1200 900
p/92.jpg 1 0 0 1700 1132
p/90.jpg 1 0 0 2520 1420
p/88.jpg 1 0 0 2250 1375
p/86.jpg 1 0 0 1200 630
p/84.jpg 1 0 0 3200 1800
p/85.jpg 1 0 0 1600 1062